Evaluating baseline CCS on deberta model and imdb dataset...
Loading model
Loading dataloader
The input_ids for the contrast pairs are the same! {'input_ids': tensor([     1,   6829,      5,    524,    450,     43,  67909,  52562,  82098,
         12858,     13,     33,     10,    117,    491,    317,     19,    107,
          7935,   3950,    416,      7,   7094,   3548,      4,   9475,   8606,
        110299,   8606,  45448,  14402,      6,    397,     25,     12,   5774,
             5,   1515,      4,  12103,     36,  62223,    208, 107949,   2934,
            53,   2037,      8,    972,     41,  19491,      6,  12809,   5484,
           782,      5,    837,    670,      6,     59,     13,    521,      8,
            86,   6302,   2710,      8,    369,  19839,   7044,      4,    407,
             6,     22,   1817,    978,   3899,      8,      5,   1693,    314,
         12103,   1426,      8,    369,  19839,   7044,     11,      5,    108,
           212,      4,   1992,      5,  15928,     24,    144,    341,    185,
             6,    121,  12279,    180,      5,    307,     19,     10,   3085,
         91831,    748,    157,     83,      6,      7,    790,    104,    718,
            11,      5,    212,     31,    107,    334,      8,   1238,     19,
             4,    846,    222,    121,    332,     63,    140,      8,     26,
            51,  19839,   7044,     44,  18359, 107949,   2934,   3690,   3593,
            41,     55,  72684,    109,    610,     47,     11,   1622,     87,
         11962,      5,    837,     66,     19,     41,   5119,    548,      6,
         47509,    180,      6,   4252,     98,      4,   1965,     22,     25,
            12,     87,     89,      6,     47,     16,    171,     75,     17,
          6033,     95,    607,   4561,     96,  91139,     10,   3924,     15,
           103,   1625,    161,     96,   4021,      8,   1451,  28553,   5119,
             6,     17,     25,    115,     40,   2105,     14,    140,      4,
           106,     25,    115,     67,     40,   2139,      5,   1168,      8,
          1138,    117,    113,      4,   9475,   8606, 110299,   8606,  45448,
         64145,     25,     12,   1168,      6,   1119,     35,   7380,  89304,
          3662,      6,     13,    144,   2416,      4,  89304,   3662,    790,
          1833,    104,   7429,      7,    104,   1541,      8,     86,   1168,
          9652,      4,    220,    157,  31137,     35,     86,   4638,      6,
           121,  31210,    161,    184,     36,   8465,    396,   2233,     53,
            19,    104,   3232,      9,  27283,     31,   4961,     31,    509,
          4088, 113305,      4,   1334,   1412,     24,    341,     72,    121,
            13,    757,  25020,    185,      5,    138,      9,     10,  15955,
          1035,      4,   9475,   8606, 110299,   8606,  45448, 106702,      5,
           803,      9,      5,    670,      6,      5,    334,     11,   1275,
             9,     60,  25725,    906,     52,     72,     49,     24,   1141,
            10,  15300,     97,   6818,     79,     49,     39,     71,     19,
            51,   4638,      6,   2099,   5136,     62,     11,     51,   6067,
             4,   9475,   8606, 110299,   8606,  45448, 105909,      6,  12103,
            13,    185,   4252,    396,   2176,  19839,   7044,   2790,      6,
             7,    104,     54,    144,  12460,     31,  11055,      4,     36,
         16442,      6,     16,     90,     22,      6,     16,     90,     22,
             6,      5,    502,    967,     13,   4373,     56,  19839,      4,
          2546,   5820,      4,    356,    404,     17,    132,   2787,     11,
            85,   2900,   4072,     19,      5,  13995,      6,     47,     15,
           256,     26,   2105,    196,    140,      4,     53,    174,    450,
             6,    164,    139,  12103,   5010,     35,      5,    307,      7,
         13538,    184,     10,   6211,      9,    334,      6,  11065,     13,
           248,    157,   9155,     35,      5,    325,    571,      4,     23,
          8405,  12277,     55,    449,  12984,    109,     11,     10,    123,
            15,    401,     22,   1017,     72,    104,     54,   1937,     70,
          2207,    116,   7277,    334,      6,     47,    130,     54,    322,
           481,   5060,      6,     55,   2950,     71,     17,    171,     56,
          5775,     11,      5,   1033,      9,  23037,   1765,     31,    226,
             8,     15,    982,      4,   1740,    205,      5,   8405,   3345,
             8,    148,   9728,     44,   2318,   8606, 110299,   8606,  45448,
          9802,      5,    255,      9,      5,   1125,      6,      2]), 'token_type_ids': tensor([0, 0, 0, 0, 0, 0, 0, 0, 0, 0, 0, 0, 0, 0, 0, 0, 0, 0, 0, 0, 0, 0, 0, 0,
        0, 0, 0, 0, 0, 0, 0, 0, 0, 0, 0, 0, 0, 0, 0, 0, 0, 0, 0, 0, 0, 0, 0, 0,
        0, 0, 0, 0, 0, 0, 0, 0, 0, 0, 0, 0, 0, 0, 0, 0, 0, 0, 0, 0, 0, 0, 0, 0,
        0, 0, 0, 0, 0, 0, 0, 0, 0, 0, 0, 0, 0, 0, 0, 0, 0, 0, 0, 0, 0, 0, 0, 0,
        0, 0, 0, 0, 0, 0, 0, 0, 0, 0, 0, 0, 0, 0, 0, 0, 0, 0, 0, 0, 0, 0, 0, 0,
        0, 0, 0, 0, 0, 0, 0, 0, 0, 0, 0, 0, 0, 0, 0, 0, 0, 0, 0, 0, 0, 0, 0, 0,
        0, 0, 0, 0, 0, 0, 0, 0, 0, 0, 0, 0, 0, 0, 0, 0, 0, 0, 0, 0, 0, 0, 0, 0,
        0, 0, 0, 0, 0, 0, 0, 0, 0, 0, 0, 0, 0, 0, 0, 0, 0, 0, 0, 0, 0, 0, 0, 0,
        0, 0, 0, 0, 0, 0, 0, 0, 0, 0, 0, 0, 0, 0, 0, 0, 0, 0, 0, 0, 0, 0, 0, 0,
        0, 0, 0, 0, 0, 0, 0, 0, 0, 0, 0, 0, 0, 0, 0, 0, 0, 0, 0, 0, 0, 0, 0, 0,
        0, 0, 0, 0, 0, 0, 0, 0, 0, 0, 0, 0, 0, 0, 0, 0, 0, 0, 0, 0, 0, 0, 0, 0,
        0, 0, 0, 0, 0, 0, 0, 0, 0, 0, 0, 0, 0, 0, 0, 0, 0, 0, 0, 0, 0, 0, 0, 0,
        0, 0, 0, 0, 0, 0, 0, 0, 0, 0, 0, 0, 0, 0, 0, 0, 0, 0, 0, 0, 0, 0, 0, 0,
        0, 0, 0, 0, 0, 0, 0, 0, 0, 0, 0, 0, 0, 0, 0, 0, 0, 0, 0, 0, 0, 0, 0, 0,
        0, 0, 0, 0, 0, 0, 0, 0, 0, 0, 0, 0, 0, 0, 0, 0, 0, 0, 0, 0, 0, 0, 0, 0,
        0, 0, 0, 0, 0, 0, 0, 0, 0, 0, 0, 0, 0, 0, 0, 0, 0, 0, 0, 0, 0, 0, 0, 0,
        0, 0, 0, 0, 0, 0, 0, 0, 0, 0, 0, 0, 0, 0, 0, 0, 0, 0, 0, 0, 0, 0, 0, 0,
        0, 0, 0, 0, 0, 0, 0, 0, 0, 0, 0, 0, 0, 0, 0, 0, 0, 0, 0, 0, 0, 0, 0, 0,
        0, 0, 0, 0, 0, 0, 0, 0, 0, 0, 0, 0, 0, 0, 0, 0, 0, 0, 0, 0, 0, 0, 0, 0,
        0, 0, 0, 0, 0, 0, 0, 0, 0, 0, 0, 0, 0, 0, 0, 0, 0, 0, 0, 0, 0, 0, 0, 0,
        0, 0, 0, 0, 0, 0, 0, 0, 0, 0, 0, 0, 0, 0, 0, 0, 0, 0, 0, 0, 0, 0, 0, 0,
        0, 0, 0, 0, 0, 0, 0, 0]), 'attention_mask': tensor([1, 1, 1, 1, 1, 1, 1, 1, 1, 1, 1, 1, 1, 1, 1, 1, 1, 1, 1, 1, 1, 1, 1, 1,
        1, 1, 1, 1, 1, 1, 1, 1, 1, 1, 1, 1, 1, 1, 1, 1, 1, 1, 1, 1, 1, 1, 1, 1,
        1, 1, 1, 1, 1, 1, 1, 1, 1, 1, 1, 1, 1, 1, 1, 1, 1, 1, 1, 1, 1, 1, 1, 1,
        1, 1, 1, 1, 1, 1, 1, 1, 1, 1, 1, 1, 1, 1, 1, 1, 1, 1, 1, 1, 1, 1, 1, 1,
        1, 1, 1, 1, 1, 1, 1, 1, 1, 1, 1, 1, 1, 1, 1, 1, 1, 1, 1, 1, 1, 1, 1, 1,
        1, 1, 1, 1, 1, 1, 1, 1, 1, 1, 1, 1, 1, 1, 1, 1, 1, 1, 1, 1, 1, 1, 1, 1,
        1, 1, 1, 1, 1, 1, 1, 1, 1, 1, 1, 1, 1, 1, 1, 1, 1, 1, 1, 1, 1, 1, 1, 1,
        1, 1, 1, 1, 1, 1, 1, 1, 1, 1, 1, 1, 1, 1, 1, 1, 1, 1, 1, 1, 1, 1, 1, 1,
        1, 1, 1, 1, 1, 1, 1, 1, 1, 1, 1, 1, 1, 1, 1, 1, 1, 1, 1, 1, 1, 1, 1, 1,
        1, 1, 1, 1, 1, 1, 1, 1, 1, 1, 1, 1, 1, 1, 1, 1, 1, 1, 1, 1, 1, 1, 1, 1,
        1, 1, 1, 1, 1, 1, 1, 1, 1, 1, 1, 1, 1, 1, 1, 1, 1, 1, 1, 1, 1, 1, 1, 1,
        1, 1, 1, 1, 1, 1, 1, 1, 1, 1, 1, 1, 1, 1, 1, 1, 1, 1, 1, 1, 1, 1, 1, 1,
        1, 1, 1, 1, 1, 1, 1, 1, 1, 1, 1, 1, 1, 1, 1, 1, 1, 1, 1, 1, 1, 1, 1, 1,
        1, 1, 1, 1, 1, 1, 1, 1, 1, 1, 1, 1, 1, 1, 1, 1, 1, 1, 1, 1, 1, 1, 1, 1,
        1, 1, 1, 1, 1, 1, 1, 1, 1, 1, 1, 1, 1, 1, 1, 1, 1, 1, 1, 1, 1, 1, 1, 1,
        1, 1, 1, 1, 1, 1, 1, 1, 1, 1, 1, 1, 1, 1, 1, 1, 1, 1, 1, 1, 1, 1, 1, 1,
        1, 1, 1, 1, 1, 1, 1, 1, 1, 1, 1, 1, 1, 1, 1, 1, 1, 1, 1, 1, 1, 1, 1, 1,
        1, 1, 1, 1, 1, 1, 1, 1, 1, 1, 1, 1, 1, 1, 1, 1, 1, 1, 1, 1, 1, 1, 1, 1,
        1, 1, 1, 1, 1, 1, 1, 1, 1, 1, 1, 1, 1, 1, 1, 1, 1, 1, 1, 1, 1, 1, 1, 1,
        1, 1, 1, 1, 1, 1, 1, 1, 1, 1, 1, 1, 1, 1, 1, 1, 1, 1, 1, 1, 1, 1, 1, 1,
        1, 1, 1, 1, 1, 1, 1, 1, 1, 1, 1, 1, 1, 1, 1, 1, 1, 1, 1, 1, 1, 1, 1, 1,
        1, 1, 1, 1, 1, 1, 1, 1])} {'input_ids': tensor([     1,   6829,      5,    524,    450,     43,  67909,  52562,  82098,
         12858,     13,     33,     10,    117,    491,    317,     19,    107,
          7935,   3950,    416,      7,   7094,   3548,      4,   9475,   8606,
        110299,   8606,  45448,  14402,      6,    397,     25,     12,   5774,
             5,   1515,      4,  12103,     36,  62223,    208, 107949,   2934,
            53,   2037,      8,    972,     41,  19491,      6,  12809,   5484,
           782,      5,    837,    670,      6,     59,     13,    521,      8,
            86,   6302,   2710,      8,    369,  19839,   7044,      4,    407,
             6,     22,   1817,    978,   3899,      8,      5,   1693,    314,
         12103,   1426,      8,    369,  19839,   7044,     11,      5,    108,
           212,      4,   1992,      5,  15928,     24,    144,    341,    185,
             6,    121,  12279,    180,      5,    307,     19,     10,   3085,
         91831,    748,    157,     83,      6,      7,    790,    104,    718,
            11,      5,    212,     31,    107,    334,      8,   1238,     19,
             4,    846,    222,    121,    332,     63,    140,      8,     26,
            51,  19839,   7044,     44,  18359, 107949,   2934,   3690,   3593,
            41,     55,  72684,    109,    610,     47,     11,   1622,     87,
         11962,      5,    837,     66,     19,     41,   5119,    548,      6,
         47509,    180,      6,   4252,     98,      4,   1965,     22,     25,
            12,     87,     89,      6,     47,     16,    171,     75,     17,
          6033,     95,    607,   4561,     96,  91139,     10,   3924,     15,
           103,   1625,    161,     96,   4021,      8,   1451,  28553,   5119,
             6,     17,     25,    115,     40,   2105,     14,    140,      4,
           106,     25,    115,     67,     40,   2139,      5,   1168,      8,
          1138,    117,    113,      4,   9475,   8606, 110299,   8606,  45448,
         64145,     25,     12,   1168,      6,   1119,     35,   7380,  89304,
          3662,      6,     13,    144,   2416,      4,  89304,   3662,    790,
          1833,    104,   7429,      7,    104,   1541,      8,     86,   1168,
          9652,      4,    220,    157,  31137,     35,     86,   4638,      6,
           121,  31210,    161,    184,     36,   8465,    396,   2233,     53,
            19,    104,   3232,      9,  27283,     31,   4961,     31,    509,
          4088, 113305,      4,   1334,   1412,     24,    341,     72,    121,
            13,    757,  25020,    185,      5,    138,      9,     10,  15955,
          1035,      4,   9475,   8606, 110299,   8606,  45448, 106702,      5,
           803,      9,      5,    670,      6,      5,    334,     11,   1275,
             9,     60,  25725,    906,     52,     72,     49,     24,   1141,
            10,  15300,     97,   6818,     79,     49,     39,     71,     19,
            51,   4638,      6,   2099,   5136,     62,     11,     51,   6067,
             4,   9475,   8606, 110299,   8606,  45448, 105909,      6,  12103,
            13,    185,   4252,    396,   2176,  19839,   7044,   2790,      6,
             7,    104,     54,    144,  12460,     31,  11055,      4,     36,
         16442,      6,     16,     90,     22,      6,     16,     90,     22,
             6,      5,    502,    967,     13,   4373,     56,  19839,      4,
          2546,   5820,      4,    356,    404,     17,    132,   2787,     11,
            85,   2900,   4072,     19,      5,  13995,      6,     47,     15,
           256,     26,   2105,    196,    140,      4,     53,    174,    450,
             6,    164,    139,  12103,   5010,     35,      5,    307,      7,
         13538,    184,     10,   6211,      9,    334,      6,  11065,     13,
           248,    157,   9155,     35,      5,    325,    571,      4,     23,
          8405,  12277,     55,    449,  12984,    109,     11,     10,    123,
            15,    401,     22,   1017,     72,    104,     54,   1937,     70,
          2207,    116,   7277,    334,      6,     47,    130,     54,    322,
           481,   5060,      6,     55,   2950,     71,     17,    171,     56,
          5775,     11,      5,   1033,      9,  23037,   1765,     31,    226,
             8,     15,    982,      4,   1740,    205,      5,   8405,   3345,
             8,    148,   9728,     44,   2318,   8606, 110299,   8606,  45448,
          9802,      5,    255,      9,      5,   1125,      6,      2]), 'token_type_ids': tensor([0, 0, 0, 0, 0, 0, 0, 0, 0, 0, 0, 0, 0, 0, 0, 0, 0, 0, 0, 0, 0, 0, 0, 0,
        0, 0, 0, 0, 0, 0, 0, 0, 0, 0, 0, 0, 0, 0, 0, 0, 0, 0, 0, 0, 0, 0, 0, 0,
        0, 0, 0, 0, 0, 0, 0, 0, 0, 0, 0, 0, 0, 0, 0, 0, 0, 0, 0, 0, 0, 0, 0, 0,
        0, 0, 0, 0, 0, 0, 0, 0, 0, 0, 0, 0, 0, 0, 0, 0, 0, 0, 0, 0, 0, 0, 0, 0,
        0, 0, 0, 0, 0, 0, 0, 0, 0, 0, 0, 0, 0, 0, 0, 0, 0, 0, 0, 0, 0, 0, 0, 0,
        0, 0, 0, 0, 0, 0, 0, 0, 0, 0, 0, 0, 0, 0, 0, 0, 0, 0, 0, 0, 0, 0, 0, 0,
        0, 0, 0, 0, 0, 0, 0, 0, 0, 0, 0, 0, 0, 0, 0, 0, 0, 0, 0, 0, 0, 0, 0, 0,
        0, 0, 0, 0, 0, 0, 0, 0, 0, 0, 0, 0, 0, 0, 0, 0, 0, 0, 0, 0, 0, 0, 0, 0,
        0, 0, 0, 0, 0, 0, 0, 0, 0, 0, 0, 0, 0, 0, 0, 0, 0, 0, 0, 0, 0, 0, 0, 0,
        0, 0, 0, 0, 0, 0, 0, 0, 0, 0, 0, 0, 0, 0, 0, 0, 0, 0, 0, 0, 0, 0, 0, 0,
        0, 0, 0, 0, 0, 0, 0, 0, 0, 0, 0, 0, 0, 0, 0, 0, 0, 0, 0, 0, 0, 0, 0, 0,
        0, 0, 0, 0, 0, 0, 0, 0, 0, 0, 0, 0, 0, 0, 0, 0, 0, 0, 0, 0, 0, 0, 0, 0,
        0, 0, 0, 0, 0, 0, 0, 0, 0, 0, 0, 0, 0, 0, 0, 0, 0, 0, 0, 0, 0, 0, 0, 0,
        0, 0, 0, 0, 0, 0, 0, 0, 0, 0, 0, 0, 0, 0, 0, 0, 0, 0, 0, 0, 0, 0, 0, 0,
        0, 0, 0, 0, 0, 0, 0, 0, 0, 0, 0, 0, 0, 0, 0, 0, 0, 0, 0, 0, 0, 0, 0, 0,
        0, 0, 0, 0, 0, 0, 0, 0, 0, 0, 0, 0, 0, 0, 0, 0, 0, 0, 0, 0, 0, 0, 0, 0,
        0, 0, 0, 0, 0, 0, 0, 0, 0, 0, 0, 0, 0, 0, 0, 0, 0, 0, 0, 0, 0, 0, 0, 0,
        0, 0, 0, 0, 0, 0, 0, 0, 0, 0, 0, 0, 0, 0, 0, 0, 0, 0, 0, 0, 0, 0, 0, 0,
        0, 0, 0, 0, 0, 0, 0, 0, 0, 0, 0, 0, 0, 0, 0, 0, 0, 0, 0, 0, 0, 0, 0, 0,
        0, 0, 0, 0, 0, 0, 0, 0, 0, 0, 0, 0, 0, 0, 0, 0, 0, 0, 0, 0, 0, 0, 0, 0,
        0, 0, 0, 0, 0, 0, 0, 0, 0, 0, 0, 0, 0, 0, 0, 0, 0, 0, 0, 0, 0, 0, 0, 0,
        0, 0, 0, 0, 0, 0, 0, 0]), 'attention_mask': tensor([1, 1, 1, 1, 1, 1, 1, 1, 1, 1, 1, 1, 1, 1, 1, 1, 1, 1, 1, 1, 1, 1, 1, 1,
        1, 1, 1, 1, 1, 1, 1, 1, 1, 1, 1, 1, 1, 1, 1, 1, 1, 1, 1, 1, 1, 1, 1, 1,
        1, 1, 1, 1, 1, 1, 1, 1, 1, 1, 1, 1, 1, 1, 1, 1, 1, 1, 1, 1, 1, 1, 1, 1,
        1, 1, 1, 1, 1, 1, 1, 1, 1, 1, 1, 1, 1, 1, 1, 1, 1, 1, 1, 1, 1, 1, 1, 1,
        1, 1, 1, 1, 1, 1, 1, 1, 1, 1, 1, 1, 1, 1, 1, 1, 1, 1, 1, 1, 1, 1, 1, 1,
        1, 1, 1, 1, 1, 1, 1, 1, 1, 1, 1, 1, 1, 1, 1, 1, 1, 1, 1, 1, 1, 1, 1, 1,
        1, 1, 1, 1, 1, 1, 1, 1, 1, 1, 1, 1, 1, 1, 1, 1, 1, 1, 1, 1, 1, 1, 1, 1,
        1, 1, 1, 1, 1, 1, 1, 1, 1, 1, 1, 1, 1, 1, 1, 1, 1, 1, 1, 1, 1, 1, 1, 1,
        1, 1, 1, 1, 1, 1, 1, 1, 1, 1, 1, 1, 1, 1, 1, 1, 1, 1, 1, 1, 1, 1, 1, 1,
        1, 1, 1, 1, 1, 1, 1, 1, 1, 1, 1, 1, 1, 1, 1, 1, 1, 1, 1, 1, 1, 1, 1, 1,
        1, 1, 1, 1, 1, 1, 1, 1, 1, 1, 1, 1, 1, 1, 1, 1, 1, 1, 1, 1, 1, 1, 1, 1,
        1, 1, 1, 1, 1, 1, 1, 1, 1, 1, 1, 1, 1, 1, 1, 1, 1, 1, 1, 1, 1, 1, 1, 1,
        1, 1, 1, 1, 1, 1, 1, 1, 1, 1, 1, 1, 1, 1, 1, 1, 1, 1, 1, 1, 1, 1, 1, 1,
        1, 1, 1, 1, 1, 1, 1, 1, 1, 1, 1, 1, 1, 1, 1, 1, 1, 1, 1, 1, 1, 1, 1, 1,
        1, 1, 1, 1, 1, 1, 1, 1, 1, 1, 1, 1, 1, 1, 1, 1, 1, 1, 1, 1, 1, 1, 1, 1,
        1, 1, 1, 1, 1, 1, 1, 1, 1, 1, 1, 1, 1, 1, 1, 1, 1, 1, 1, 1, 1, 1, 1, 1,
        1, 1, 1, 1, 1, 1, 1, 1, 1, 1, 1, 1, 1, 1, 1, 1, 1, 1, 1, 1, 1, 1, 1, 1,
        1, 1, 1, 1, 1, 1, 1, 1, 1, 1, 1, 1, 1, 1, 1, 1, 1, 1, 1, 1, 1, 1, 1, 1,
        1, 1, 1, 1, 1, 1, 1, 1, 1, 1, 1, 1, 1, 1, 1, 1, 1, 1, 1, 1, 1, 1, 1, 1,
        1, 1, 1, 1, 1, 1, 1, 1, 1, 1, 1, 1, 1, 1, 1, 1, 1, 1, 1, 1, 1, 1, 1, 1,
        1, 1, 1, 1, 1, 1, 1, 1, 1, 1, 1, 1, 1, 1, 1, 1, 1, 1, 1, 1, 1, 1, 1, 1,
        1, 1, 1, 1, 1, 1, 1, 1])}
